{
    "Role": {
        "Path": "/",
        "RoleName": "lambda-example",
        "RoleId": "",
        "Arn": "",
        "CreateDate": "2020-08-09T14:12:53+00:00",
        "AssumeRolePolicyDocument": {
            "Version": "2012-10-17",
            "Statement": [
                {
                    "Effect": "Allow",
                    "Principal": {
                        "Service": "lambda.amazonaws.com"
                    },
                    "Action": "sts:AssumeRole"
                }
            ]
        }
    }
}
